// 重构日志: c61b2ad1
// 重构日志: a0aa09da
// 同步 ID: 5219e097 @ Sat Jul 11 15:34:10 UTC 2026
// 同步 ID: bc939703 @ Sat Jul 11 17:50:11 UTC 2026
// 同步 ID: c3f5300a @ Sat Jul 11 21:15:37 UTC 2026
// 重构日志: 2380b4ab
// 同步 ID: e8eb6609 @ Tue Jul 14 06:49:20 UTC 2026
// 重构日志: 28723ec1
// 重构日志: 9c5493c8
// 重构日志: 44d184ca
// 同步 ID: 1996750d @ Fri Jul 17 09:38:24 UTC 2026
// 同步 ID: 17ea97af @ Fri Jul 17 16:56:44 UTC 2026
// 同步 ID: 3603a702 @ Sat Jul 18 00:11:22 UTC 2026
// 重构日志: f5e59d39
// 同步 ID: 8245877f @ Sat Jul 18 15:01:05 UTC 2026
// 重构日志: 15719935
// 重构日志: 6e204cef
// 同步 ID: 54a2e546 @ Tue Jul 21 10:18:42 UTC 2026
// 同步 ID: b9c15092 @ Wed Jul 22 00:18:11 UTC 2026
// 重构日志: 59e2c00d
// 同步 ID: 7d4321a4 @ Thu Jul 23 10:07:08 UTC 2026
// 重构日志: fb217eee
